<?xml version="1.0" encoding="UTF-8"?>
<!-- Generated by org.testng.reporters.JUnitReportReporter -->
<testsuite hostname="DESKTOP-BUC2KR9" failures="0" tests="1" name="com.testScripts.AddToCart" time="24.750" errors="0" timestamp="2023-02-21T13:45:18 PST" skipped="0">
  <testcase classname="com.testScripts.AddToCart" name="AddToCarttest" time="24.750"/>
  <system-out>
    <![CDATA[landed on pdt details page]]>
  </system-out>
</testsuite> <!-- com.testScripts.AddToCart -->
